wearos/build/intermediates/manifest_merge_blame_file/debug/manifest-merger-blame-debug-report.txt
1<?xml version="1.0" encoding="utf-8"?>
2<manifest xmlns:android="http://schemas.android.com/apk/res/android"
3    package="com.ecommerce.wearos"
4    android:versionCode="1"
5    android:versionName="1.0" >
6
7    <uses-sdk
8        android:minSdkVersion="23"
8-->src\main\AndroidManifest.xml
9        android:targetSdkVersion="30" />
9-->src\main\AndroidManifest.xml
10
11    <uses-permission android:name="android.permission.WAKE_LOCK" />
11-->src\main\AndroidManifest.xml:5:5-68
11-->src\main\AndroidManifest.xml:5:22-65
12
13    <uses-feature android:name="android.hardware.type.watch" />
13-->src\main\AndroidManifest.xml:7:5-64
13-->src\main\AndroidManifest.xml:7:19-61
14
15    <uses-permission android:name="android.permission.ACCESS_FINE_LOCATION" />
15-->src\main\AndroidManifest.xml:9:5-79
15-->src\main\AndroidManifest.xml:9:22-76
16    <uses-permission android:name="android.permission.CAMERA" />
16-->src\main\AndroidManifest.xml:10:5-65
16-->src\main\AndroidManifest.xml:10:22-62
17    <uses-permission android:name="android.permission.READ_EXTERNAL_STORAGE" />
17-->src\main\AndroidManifest.xml:11:5-80
17-->src\main\AndroidManifest.xml:11:22-77
18    <uses-permission android:name="android.permission.WRITE_INTERNAL_STORAGE" />
18-->src\main\AndroidManifest.xml:12:5-81
18-->src\main\AndroidManifest.xml:12:22-78
19    <uses-permission android:name="android.permission.READ_INTERNAL_STORAGE" />
19-->src\main\AndroidManifest.xml:13:5-80
19-->src\main\AndroidManifest.xml:13:22-77
20    <uses-permission android:name="android.permission.INTERNET" />
20-->src\main\AndroidManifest.xml:14:5-67
20-->src\main\AndroidManifest.xml:14:22-64
21    <uses-permission android:name="android.permission.ACCESS_NETWORK_STATE" />
21-->src\main\AndroidManifest.xml:15:5-79
21-->src\main\AndroidManifest.xml:15:22-76
22
23    <application
23-->src\main\AndroidManifest.xml:17:5-48:19
24        android:allowBackup="true"
24-->src\main\AndroidManifest.xml:18:9-35
25        android:appComponentFactory="androidx.core.app.CoreComponentFactory"
25-->[androidx.core:core:1.3.2] AndroidManifest.xml:24:18-86
26        android:debuggable="true"
27        android:extractNativeLibs="false"
28        android:icon="@mipmap/ic_launcher"
28-->src\main\AndroidManifest.xml:19:9-43
29        android:label="@string/app_name"
29-->src\main\AndroidManifest.xml:20:9-41
30        android:roundIcon="@mipmap/ic_launcher_round"
30-->src\main\AndroidManifest.xml:21:9-54
31        android:supportsRtl="true"
31-->src\main\AndroidManifest.xml:22:9-35
32        android:testOnly="true"
33        android:theme="@style/Theme.SastoFurniture"
33-->src\main\AndroidManifest.xml:23:9-52
34        android:usesCleartextTraffic="true" >
34-->src\main\AndroidManifest.xml:24:9-44
35        <activity android:name="com.ecommerce.wearos.ProductActivity" />
35-->src\main\AndroidManifest.xml:25:9-62
35-->src\main\AndroidManifest.xml:25:19-50
36
37        <uses-library
37-->src\main\AndroidManifest.xml:28:9-30:39
38            android:name="com.google.android.wearable"
38-->src\main\AndroidManifest.xml:29:13-55
39            android:required="true" />
39-->src\main\AndroidManifest.xml:30:13-36
40        <!--
41               Set to true if your app is Standalone, that is, it does not require the handheld
42               app to run.
43        -->
44        <meta-data
44-->src\main\AndroidManifest.xml:35:9-37:36
45            android:name="com.google.android.wearable.standalone"
45-->src\main\AndroidManifest.xml:36:13-66
46            android:value="true" />
46-->src\main\AndroidManifest.xml:37:13-33
47
48        <activity
48-->src\main\AndroidManifest.xml:39:9-47:20
49            android:name="com.ecommerce.wearos.LoginActivity"
49-->src\main\AndroidManifest.xml:40:13-42
50            android:label="@string/app_name" >
50-->src\main\AndroidManifest.xml:41:13-45
51            <intent-filter>
51-->src\main\AndroidManifest.xml:42:13-46:29
52                <action android:name="android.intent.action.MAIN" />
52-->src\main\AndroidManifest.xml:43:17-69
52-->src\main\AndroidManifest.xml:43:25-66
53
54                <category android:name="android.intent.category.LAUNCHER" />
54-->src\main\AndroidManifest.xml:45:17-77
54-->src\main\AndroidManifest.xml:45:27-74
55            </intent-filter>
56        </activity>
57
58        <service
58-->[androidx.room:room-runtime:2.2.6] AndroidManifest.xml:25:9-28:40
59            android:name="androidx.room.MultiInstanceInvalidationService"
59-->[androidx.room:room-runtime:2.2.6] AndroidManifest.xml:26:13-74
60            android:directBootAware="true"
60-->[androidx.room:room-runtime:2.2.6] AndroidManifest.xml:27:13-43
61            android:exported="false" />
61-->[androidx.room:room-runtime:2.2.6] AndroidManifest.xml:28:13-37
62    </application>
63
64</manifest>